<?xml version="1.0" encoding="UTF-8"?>
<coverage generated="1669091843522" clover="3.2.0">
  <project timestamp="1669091843522" name="All files">
    <metrics statements="2" coveredstatements="0" conditionals="0" coveredconditionals="0" methods="0" coveredmethods="0" elements="2" coveredelements="0" complexity="0" loc="2" ncloc="2" packages="1" files="2" classes="2"/>
    <file name="jubenDrives.sdl.js" path="/Users/mingmin/webapp/ahollowplace/api/src/graphql/jubenDrives.sdl.js">
      <metrics statements="1" coveredstatements="0" conditionals="0" coveredconditionals="0" methods="0" coveredmethods="0"/>
      <line num="1" count="0" type="stmt"/>
    </file>
    <file name="jubens.sdl.js" path="/Users/mingmin/webapp/ahollowplace/api/src/graphql/jubens.sdl.js">
      <metrics statements="1" coveredstatements="0" conditionals="0" coveredconditionals="0" methods="0" coveredmethods="0"/>
      <line num="1" count="0" type="stmt"/>
    </file>
  </project>
</coverage>
