{"/Users/mingmin/webapp/ahollowplace/api/src/graphql/users.sdl.js": {"path":"/Users/mingmin/webapp/ahollowplace/api/src/graphql/users.sdl.js","statementMap":{"0":{"start":{"line":1,"column":22},"end":{"line":72,"column":1}}},"fnMap":{},"branchMap":{},"s":{"0":0},"f":{},"b":{}}
,"/Users/mingmin/webapp/ahollowplace/api/src/lib/dateUtil.js": {"path":"/Users/mingmin/webapp/ahollowplace/api/src/lib/dateUtil.js","statementMap":{"0":{"start":{"line":5,"column":26},"end":{"line":8,"column":1}},"1":{"start":{"line":6,"column":18},"end":{"line":6,"column":46}},"2":{"start":{"line":7,"column":2},"end":{"line":7,"column":16}},"3":{"start":{"line":10,"column":23},"end":{"line":14,"column":1}},"4":{"start":{"line":11,"column":18},"end":{"line":11,"column":32}},"5":{"start":{"line":12,"column":2},"end":{"line":12,"column":33}},"6":{"start":{"line":13,"column":2},"end":{"line":13,"column":16}},"7":{"start":{"line":16,"column":39},"end":{"line":18,"column":1}},"8":{"start":{"line":17,"column":2},"end":{"line":17,"column":38}},"9":{"start":{"line":20,"column":24},"end":{"line":23,"column":1}},"10":{"start":{"line":21,"column":18},"end":{"line":21,"column":34}},"11":{"start":{"line":22,"column":2},"end":{"line":22,"column":33}},"12":{"start":{"line":25,"column":22},"end":{"line":29,"column":1}},"13":{"start":{"line":26,"column":2},"end":{"line":28,"column":40}},"14":{"start":{"line":31,"column":31},"end":{"line":47,"column":1}},"15":{"start":{"line":32,"column":17},"end":{"line":32,"column":37}},"16":{"start":{"line":33,"column":17},"end":{"line":33,"column":40}},"17":{"start":{"line":34,"column":15},"end":{"line":34,"column":36}},"18":{"start":{"line":35,"column":17},"end":{"line":35,"column":40}},"19":{"start":{"line":36,"column":15},"end":{"line":36,"column":36}},"20":{"start":{"line":38,"column":13},"end":{"line":38,"column":32}},"21":{"start":{"line":39,"column":13},"end":{"line":39,"column":30}},"22":{"start":{"line":40,"column":13},"end":{"line":40,"column":32}},"23":{"start":{"line":41,"column":13},"end":{"line":41,"column":30}},"24":{"start":{"line":43,"column":17},"end":{"line":43,"column":37}},"25":{"start":{"line":44,"column":17},"end":{"line":44,"column":37}},"26":{"start":{"line":46,"column":2},"end":{"line":46,"column":32}}},"fnMap":{"0":{"name":"(anonymous_0)","decl":{"start":{"line":5,"column":26},"end":{"line":5,"column":27}},"loc":{"start":{"line":5,"column":36},"end":{"line":8,"column":1}},"line":5},"1":{"name":"(anonymous_1)","decl":{"start":{"line":10,"column":23},"end":{"line":10,"column":24}},"loc":{"start":{"line":10,"column":33},"end":{"line":14,"column":1}},"line":10},"2":{"name":"(anonymous_2)","decl":{"start":{"line":16,"column":39},"end":{"line":16,"column":40}},"loc":{"start":{"line":16,"column":45},"end":{"line":18,"column":1}},"line":16},"3":{"name":"(anonymous_3)","decl":{"start":{"line":20,"column":24},"end":{"line":20,"column":25}},"loc":{"start":{"line":20,"column":34},"end":{"line":23,"column":1}},"line":20},"4":{"name":"(anonymous_4)","decl":{"start":{"line":25,"column":22},"end":{"line":25,"column":23}},"loc":{"start":{"line":25,"column":29},"end":{"line":29,"column":1}},"line":25},"5":{"name":"(anonymous_5)","decl":{"start":{"line":31,"column":31},"end":{"line":31,"column":32}},"loc":{"start":{"line":31,"column":43},"end":{"line":47,"column":1}},"line":31}},"branchMap":{"0":{"loc":{"start":{"line":26,"column":9},"end":{"line":28,"column":40}},"type":"cond-expr","locations":[{"start":{"line":27,"column":6},"end":{"line":27,"column":35}},{"start":{"line":28,"column":6},"end":{"line":28,"column":40}}],"line":26}},"s":{"0":1,"1":0,"2":0,"3":1,"4":0,"5":0,"6":0,"7":1,"8":3,"9":1,"10":0,"11":0,"12":1,"13":0,"14":1,"15":0,"16":0,"17":0,"18":0,"19":0,"20":0,"21":0,"22":0,"23":0,"24":0,"25":0,"26":0},"f":{"0":0,"1":0,"2":3,"3":0,"4":0,"5":0},"b":{"0":[0,0]},"_coverageSchema":"1a1c01bbd47fc00a2c39e90264f33305004495a9","hash":"f5067c30075867b3ebd628f714d481f3a0afabb5"}
,"/Users/mingmin/webapp/ahollowplace/api/src/services/jubens/jubens.js": {"path":"/Users/mingmin/webapp/ahollowplace/api/src/services/jubens/jubens.js","statementMap":{"0":{"start":{"line":8,"column":22},"end":{"line":10,"column":1}},"1":{"start":{"line":9,"column":2},"end":{"line":9,"column":28}},"2":{"start":{"line":12,"column":21},"end":{"line":16,"column":1}},"3":{"start":{"line":13,"column":2},"end":{"line":15,"column":4}},"4":{"start":{"line":18,"column":27},"end":{"line":22,"column":1}},"5":{"start":{"line":19,"column":2},"end":{"line":21,"column":4}},"6":{"start":{"line":24,"column":27},"end":{"line":61,"column":1}},"7":{"start":{"line":25,"column":2},"end":{"line":40,"column":3}},"8":{"start":{"line":26,"column":17},"end":{"line":28,"column":6}},"9":{"start":{"line":27,"column":6},"end":{"line":27,"column":19}},"10":{"start":{"line":29,"column":4},"end":{"line":39,"column":6}},"11":{"start":{"line":41,"column":2},"end":{"line":60,"column":4}},"12":{"start":{"line":63,"column":34},"end":{"line":105,"column":1}},"13":{"start":{"line":64,"column":16},"end":{"line":66,"column":4}},"14":{"start":{"line":67,"column":2},"end":{"line":69,"column":4}},"15":{"start":{"line":70,"column":2},"end":{"line":75,"column":4}},"16":{"start":{"line":76,"column":14},"end":{"line":76,"column":44}},"17":{"start":{"line":77,"column":17},"end":{"line":77,"column":37}},"18":{"start":{"line":79,"column":17},"end":{"line":79,"column":74}},"19":{"start":{"line":81,"column":19},"end":{"line":89,"column":3}},"20":{"start":{"line":91,"column":2},"end":{"line":91,"column":28}},"21":{"start":{"line":93,"column":2},"end":{"line":93,"column":39}},"22":{"start":{"line":95,"column":2},"end":{"line":95,"column":42}},"23":{"start":{"line":97,"column":17},"end":{"line":97,"column":40}},"24":{"start":{"line":98,"column":2},"end":{"line":98,"column":25}},"25":{"start":{"line":99,"column":2},"end":{"line":104,"column":4}},"26":{"start":{"line":107,"column":28},"end":{"line":124,"column":1}},"27":{"start":{"line":108,"column":2},"end":{"line":123,"column":4}},"28":{"start":{"line":126,"column":28},"end":{"line":149,"column":1}},"29":{"start":{"line":127,"column":15},"end":{"line":147,"column":4}},"30":{"start":{"line":148,"column":2},"end":{"line":148,"column":15}},"31":{"start":{"line":151,"column":27},"end":{"line":155,"column":1}},"32":{"start":{"line":152,"column":2},"end":{"line":154,"column":4}},"33":{"start":{"line":157,"column":21},"end":{"line":168,"column":1}},"34":{"start":{"line":159,"column":4},"end":{"line":163,"column":6}},"35":{"start":{"line":165,"column":4},"end":{"line":165,"column":63}},"36":{"start":{"line":167,"column":4},"end":{"line":167,"column":58}}},"fnMap":{"0":{"name":"(anonymous_0)","decl":{"start":{"line":8,"column":22},"end":{"line":8,"column":23}},"loc":{"start":{"line":8,"column":28},"end":{"line":10,"column":1}},"line":8},"1":{"name":"(anonymous_1)","decl":{"start":{"line":12,"column":21},"end":{"line":12,"column":22}},"loc":{"start":{"line":12,"column":33},"end":{"line":16,"column":1}},"line":12},"2":{"name":"(anonymous_2)","decl":{"start":{"line":18,"column":27},"end":{"line":18,"column":28}},"loc":{"start":{"line":18,"column":42},"end":{"line":22,"column":1}},"line":18},"3":{"name":"(anonymous_3)","decl":{"start":{"line":24,"column":27},"end":{"line":24,"column":28}},"loc":{"start":{"line":24,"column":52},"end":{"line":61,"column":1}},"line":24},"4":{"name":"(anonymous_4)","decl":{"start":{"line":26,"column":32},"end":{"line":26,"column":33}},"loc":{"start":{"line":26,"column":41},"end":{"line":28,"column":5}},"line":26},"5":{"name":"(anonymous_5)","decl":{"start":{"line":63,"column":34},"end":{"line":63,"column":35}},"loc":{"start":{"line":63,"column":59},"end":{"line":105,"column":1}},"line":63},"6":{"name":"(anonymous_6)","decl":{"start":{"line":107,"column":28},"end":{"line":107,"column":29}},"loc":{"start":{"line":107,"column":42},"end":{"line":124,"column":1}},"line":107},"7":{"name":"(anonymous_7)","decl":{"start":{"line":126,"column":28},"end":{"line":126,"column":29}},"loc":{"start":{"line":126,"column":49},"end":{"line":149,"column":1}},"line":126},"8":{"name":"(anonymous_8)","decl":{"start":{"line":151,"column":27},"end":{"line":151,"column":28}},"loc":{"start":{"line":151,"column":39},"end":{"line":155,"column":1}},"line":151},"9":{"name":"(anonymous_9)","decl":{"start":{"line":158,"column":10},"end":{"line":158,"column":11}},"loc":{"start":{"line":159,"column":4},"end":{"line":163,"column":6}},"line":159},"10":{"name":"(anonymous_10)","decl":{"start":{"line":164,"column":13},"end":{"line":164,"column":14}},"loc":{"start":{"line":165,"column":4},"end":{"line":165,"column":63}},"line":165},"11":{"name":"(anonymous_11)","decl":{"start":{"line":166,"column":8},"end":{"line":166,"column":9}},"loc":{"start":{"line":167,"column":4},"end":{"line":167,"column":58}},"line":167}},"branchMap":{"0":{"loc":{"start":{"line":25,"column":2},"end":{"line":40,"column":3}},"type":"if","locations":[{"start":{"line":25,"column":2},"end":{"line":40,"column":3}},{"start":{},"end":{}}],"line":25},"1":{"loc":{"start":{"line":25,"column":6},"end":{"line":25,"column":37}},"type":"binary-expr","locations":[{"start":{"line":25,"column":6},"end":{"line":25,"column":16}},{"start":{"line":25,"column":20},"end":{"line":25,"column":37}}],"line":25}},"s":{"0":1,"1":1,"2":1,"3":3,"4":1,"5":1,"6":1,"7":1,"8":1,"9":1,"10":1,"11":1,"12":1,"13":0,"14":0,"15":0,"16":0,"17":0,"18":0,"19":0,"20":0,"21":0,"22":0,"23":0,"24":0,"25":0,"26":1,"27":0,"28":1,"29":0,"30":0,"31":1,"32":1,"33":1,"34":0,"35":0,"36":0},"f":{"0":1,"1":3,"2":1,"3":1,"4":1,"5":0,"6":0,"7":0,"8":1,"9":0,"10":0,"11":0},"b":{"0":[1,0],"1":[1,1]},"_coverageSchema":"1a1c01bbd47fc00a2c39e90264f33305004495a9","hash":"6f267a0d544678e557c99bacea5a43562e3dbf5d"}
,"/Users/mingmin/webapp/ahollowplace/api/src/services/jubens/jubens.scenarios.js": {"path":"/Users/mingmin/webapp/ahollowplace/api/src/services/jubens/jubens.scenarios.js","statementMap":{"0":{"start":{"line":1,"column":24},"end":{"line":36,"column":2}}},"fnMap":{},"branchMap":{},"s":{"0":1},"f":{},"b":{},"_coverageSchema":"1a1c01bbd47fc00a2c39e90264f33305004495a9","hash":"86580ef73745ab9669ed041d3ace62e8a1efa104"}
}
