{"/Users/mingmin/webapp/ahollowplace/api/src/services/bookings/bookings.js": {"path":"/Users/mingmin/webapp/ahollowplace/api/src/services/bookings/bookings.js","statementMap":{"0":{"start":{"line":7,"column":24},"end":{"line":13,"column":1}},"1":{"start":{"line":8,"column":2},"end":{"line":12,"column":4}},"2":{"start":{"line":15,"column":23},"end":{"line":24,"column":1}},"3":{"start":{"line":16,"column":2},"end":{"line":23,"column":4}},"4":{"start":{"line":26,"column":29},"end":{"line":80,"column":1}},"5":{"start":{"line":27,"column":2},"end":{"line":32,"column":4}},"6":{"start":{"line":33,"column":2},"end":{"line":42,"column":4}},"7":{"start":{"line":34,"column":4},"end":{"line":41,"column":5}},"8":{"start":{"line":40,"column":6},"end":{"line":40,"column":51}},"9":{"start":{"line":43,"column":2},"end":{"line":79,"column":4}},"10":{"start":{"line":44,"column":4},"end":{"line":78,"column":5}},"11":{"start":{"line":45,"column":6},"end":{"line":45,"column":55}},"12":{"start":{"line":46,"column":11},"end":{"line":78,"column":5}},"13":{"start":{"line":47,"column":6},"end":{"line":49,"column":7}},"14":{"start":{"line":50,"column":11},"end":{"line":78,"column":5}},"15":{"start":{"line":51,"column":6},"end":{"line":51,"column":60}},"16":{"start":{"line":53,"column":16},"end":{"line":69,"column":8}},"17":{"start":{"line":70,"column":6},"end":{"line":70,"column":30}},"18":{"start":{"line":71,"column":6},"end":{"line":77,"column":8}},"19":{"start":{"line":82,"column":29},"end":{"line":135,"column":1}},"20":{"start":{"line":83,"column":2},"end":{"line":88,"column":4}},"21":{"start":{"line":89,"column":2},"end":{"line":98,"column":4}},"22":{"start":{"line":90,"column":4},"end":{"line":97,"column":5}},"23":{"start":{"line":96,"column":6},"end":{"line":96,"column":23}},"24":{"start":{"line":99,"column":2},"end":{"line":134,"column":4}},"25":{"start":{"line":100,"column":4},"end":{"line":133,"column":5}},"26":{"start":{"line":101,"column":6},"end":{"line":101,"column":55}},"27":{"start":{"line":102,"column":11},"end":{"line":133,"column":5}},"28":{"start":{"line":103,"column":6},"end":{"line":103,"column":60}},"29":{"start":{"line":105,"column":6},"end":{"line":112,"column":8}},"30":{"start":{"line":113,"column":22},"end":{"line":130,"column":8}},"31":{"start":{"line":131,"column":6},"end":{"line":131,"column":36}},"32":{"start":{"line":132,"column":6},"end":{"line":132,"column":20}},"33":{"start":{"line":137,"column":29},"end":{"line":141,"column":1}},"34":{"start":{"line":138,"column":2},"end":{"line":140,"column":4}},"35":{"start":{"line":143,"column":25},"end":{"line":150,"column":1}},"36":{"start":{"line":144,"column":16},"end":{"line":148,"column":4}},"37":{"start":{"line":149,"column":2},"end":{"line":149,"column":24}},"38":{"start":{"line":152,"column":22},"end":{"line":169,"column":1}},"39":{"start":{"line":153,"column":16},"end":{"line":167,"column":4}},"40":{"start":{"line":161,"column":14},"end":{"line":161,"column":28}},"41":{"start":{"line":168,"column":2},"end":{"line":168,"column":14}},"42":{"start":{"line":171,"column":22},"end":{"line":201,"column":1}},"43":{"start":{"line":172,"column":20},"end":{"line":172,"column":31}},"44":{"start":{"line":173,"column":2},"end":{"line":176,"column":3}},"45":{"start":{"line":174,"column":28},"end":{"line":174,"column":78}},"46":{"start":{"line":175,"column":4},"end":{"line":175,"column":53}},"47":{"start":{"line":177,"column":21},"end":{"line":186,"column":4}},"48":{"start":{"line":187,"column":17},"end":{"line":187,"column":43}},"49":{"start":{"line":188,"column":16},"end":{"line":192,"column":4}},"50":{"start":{"line":194,"column":4},"end":{"line":195,"column":41}},"51":{"start":{"line":196,"column":2},"end":{"line":200,"column":3}},"52":{"start":{"line":197,"column":4},"end":{"line":197,"column":16}},"53":{"start":{"line":199,"column":4},"end":{"line":199,"column":15}},"54":{"start":{"line":203,"column":23},"end":{"line":210,"column":1}},"55":{"start":{"line":205,"column":4},"end":{"line":205,"column":61}},"56":{"start":{"line":207,"column":4},"end":{"line":207,"column":64}},"57":{"start":{"line":209,"column":4},"end":{"line":209,"column":61}}},"fnMap":{"0":{"name":"(anonymous_0)","decl":{"start":{"line":7,"column":24},"end":{"line":7,"column":25}},"loc":{"start":{"line":7,"column":30},"end":{"line":13,"column":1}},"line":7},"1":{"name":"(anonymous_1)","decl":{"start":{"line":15,"column":23},"end":{"line":15,"column":24}},"loc":{"start":{"line":15,"column":35},"end":{"line":24,"column":1}},"line":15},"2":{"name":"(anonymous_2)","decl":{"start":{"line":26,"column":29},"end":{"line":26,"column":30}},"loc":{"start":{"line":26,"column":50},"end":{"line":80,"column":1}},"line":26},"3":{"name":"(anonymous_3)","decl":{"start":{"line":33,"column":15},"end":{"line":33,"column":16}},"loc":{"start":{"line":33,"column":21},"end":{"line":42,"column":3}},"line":33},"4":{"name":"(anonymous_4)","decl":{"start":{"line":43,"column":31},"end":{"line":43,"column":32}},"loc":{"start":{"line":43,"column":45},"end":{"line":79,"column":3}},"line":43},"5":{"name":"(anonymous_5)","decl":{"start":{"line":82,"column":29},"end":{"line":82,"column":30}},"loc":{"start":{"line":82,"column":54},"end":{"line":135,"column":1}},"line":82},"6":{"name":"(anonymous_6)","decl":{"start":{"line":89,"column":15},"end":{"line":89,"column":16}},"loc":{"start":{"line":89,"column":21},"end":{"line":98,"column":3}},"line":89},"7":{"name":"(anonymous_7)","decl":{"start":{"line":99,"column":31},"end":{"line":99,"column":32}},"loc":{"start":{"line":99,"column":45},"end":{"line":134,"column":3}},"line":99},"8":{"name":"(anonymous_8)","decl":{"start":{"line":137,"column":29},"end":{"line":137,"column":30}},"loc":{"start":{"line":137,"column":41},"end":{"line":141,"column":1}},"line":137},"9":{"name":"(anonymous_9)","decl":{"start":{"line":143,"column":25},"end":{"line":143,"column":26}},"loc":{"start":{"line":143,"column":46},"end":{"line":150,"column":1}},"line":143},"10":{"name":"(anonymous_10)","decl":{"start":{"line":152,"column":22},"end":{"line":152,"column":23}},"loc":{"start":{"line":152,"column":43},"end":{"line":169,"column":1}},"line":152},"11":{"name":"(anonymous_11)","decl":{"start":{"line":160,"column":33},"end":{"line":160,"column":34}},"loc":{"start":{"line":160,"column":40},"end":{"line":162,"column":13}},"line":160},"12":{"name":"(anonymous_12)","decl":{"start":{"line":171,"column":22},"end":{"line":171,"column":23}},"loc":{"start":{"line":171,"column":47},"end":{"line":201,"column":1}},"line":171},"13":{"name":"(anonymous_13)","decl":{"start":{"line":204,"column":9},"end":{"line":204,"column":10}},"loc":{"start":{"line":205,"column":4},"end":{"line":205,"column":61}},"line":205},"14":{"name":"(anonymous_14)","decl":{"start":{"line":206,"column":12},"end":{"line":206,"column":13}},"loc":{"start":{"line":207,"column":4},"end":{"line":207,"column":64}},"line":207},"15":{"name":"(anonymous_15)","decl":{"start":{"line":208,"column":9},"end":{"line":208,"column":10}},"loc":{"start":{"line":209,"column":4},"end":{"line":209,"column":61}},"line":209}},"branchMap":{"0":{"loc":{"start":{"line":34,"column":4},"end":{"line":41,"column":5}},"type":"if","locations":[{"start":{"line":34,"column":4},"end":{"line":41,"column":5}},{"start":{},"end":{}}],"line":34},"1":{"loc":{"start":{"line":35,"column":6},"end":{"line":38,"column":39}},"type":"binary-expr","locations":[{"start":{"line":35,"column":6},"end":{"line":35,"column":18}},{"start":{"line":36,"column":7},"end":{"line":36,"column":18}},{"start":{"line":36,"column":22},"end":{"line":36,"column":35}},{"start":{"line":37,"column":6},"end":{"line":37,"column":46}},{"start":{"line":38,"column":6},"end":{"line":38,"column":39}}],"line":35},"2":{"loc":{"start":{"line":44,"column":4},"end":{"line":78,"column":5}},"type":"if","locations":[{"start":{"line":44,"column":4},"end":{"line":78,"column":5}},{"start":{"line":46,"column":11},"end":{"line":78,"column":5}}],"line":44},"3":{"loc":{"start":{"line":46,"column":11},"end":{"line":78,"column":5}},"type":"if","locations":[{"start":{"line":46,"column":11},"end":{"line":78,"column":5}},{"start":{"line":50,"column":11},"end":{"line":78,"column":5}}],"line":46},"4":{"loc":{"start":{"line":50,"column":11},"end":{"line":78,"column":5}},"type":"if","locations":[{"start":{"line":50,"column":11},"end":{"line":78,"column":5}},{"start":{"line":52,"column":11},"end":{"line":78,"column":5}}],"line":50},"5":{"loc":{"start":{"line":90,"column":4},"end":{"line":97,"column":5}},"type":"if","locations":[{"start":{"line":90,"column":4},"end":{"line":97,"column":5}},{"start":{},"end":{}}],"line":90},"6":{"loc":{"start":{"line":91,"column":6},"end":{"line":94,"column":39}},"type":"binary-expr","locations":[{"start":{"line":91,"column":6},"end":{"line":91,"column":18}},{"start":{"line":92,"column":7},"end":{"line":92,"column":18}},{"start":{"line":92,"column":22},"end":{"line":92,"column":35}},{"start":{"line":93,"column":6},"end":{"line":93,"column":46}},{"start":{"line":94,"column":6},"end":{"line":94,"column":39}}],"line":91},"7":{"loc":{"start":{"line":100,"column":4},"end":{"line":133,"column":5}},"type":"if","locations":[{"start":{"line":100,"column":4},"end":{"line":133,"column":5}},{"start":{"line":102,"column":11},"end":{"line":133,"column":5}}],"line":100},"8":{"loc":{"start":{"line":102,"column":11},"end":{"line":133,"column":5}},"type":"if","locations":[{"start":{"line":102,"column":11},"end":{"line":133,"column":5}},{"start":{"line":104,"column":11},"end":{"line":133,"column":5}}],"line":102},"9":{"loc":{"start":{"line":173,"column":2},"end":{"line":176,"column":3}},"type":"if","locations":[{"start":{"line":173,"column":2},"end":{"line":176,"column":3}},{"start":{},"end":{}}],"line":173},"10":{"loc":{"start":{"line":187,"column":17},"end":{"line":187,"column":43}},"type":"binary-expr","locations":[{"start":{"line":187,"column":17},"end":{"line":187,"column":38}},{"start":{"line":187,"column":42},"end":{"line":187,"column":43}}],"line":187},"11":{"loc":{"start":{"line":196,"column":2},"end":{"line":200,"column":3}},"type":"if","locations":[{"start":{"line":196,"column":2},"end":{"line":200,"column":3}},{"start":{"line":198,"column":9},"end":{"line":200,"column":3}}],"line":196}},"s":{"0":2,"1":0,"2":2,"3":4,"4":2,"5":15,"6":14,"7":14,"8":1,"9":13,"10":13,"11":0,"12":13,"13":1,"14":12,"15":1,"16":11,"17":11,"18":11,"19":2,"20":5,"21":5,"22":5,"23":0,"24":5,"25":5,"26":0,"27":5,"28":1,"29":4,"30":4,"31":4,"32":4,"33":2,"34":1,"35":2,"36":18,"37":18,"38":2,"39":13,"40":51,"41":13,"42":2,"43":17,"44":17,"45":5,"46":5,"47":17,"48":17,"49":17,"50":17,"51":17,"52":15,"53":2,"54":2,"55":0,"56":0,"57":0},"f":{"0":0,"1":4,"2":15,"3":14,"4":13,"5":5,"6":5,"7":5,"8":1,"9":18,"10":13,"11":51,"12":17,"13":0,"14":0,"15":0},"b":{"0":[1,13],"1":[14,14,1,14,13],"2":[0,13],"3":[1,12],"4":[1,11],"5":[0,5],"6":[5,5,0,5,5],"7":[0,5],"8":[1,4],"9":[5,12],"10":[17,9],"11":[15,2]},"_coverageSchema":"1a1c01bbd47fc00a2c39e90264f33305004495a9","hash":"e389bd85221f4884804a8506b6cc53cc18378268"}
,"/Users/mingmin/webapp/ahollowplace/api/src/services/bookings/bookings.scenarios.js": {"path":"/Users/mingmin/webapp/ahollowplace/api/src/services/bookings/bookings.scenarios.js","statementMap":{"0":{"start":{"line":1,"column":24},"end":{"line":68,"column":2}}},"fnMap":{},"branchMap":{},"s":{"0":1},"f":{},"b":{},"_coverageSchema":"1a1c01bbd47fc00a2c39e90264f33305004495a9","hash":"a4d1a627f7f9de01e834ad00a80f3d881bd282e0"}
,"/Users/mingmin/webapp/ahollowplace/api/src/services/jubenDrives/jubenDrives.js": {"path":"/Users/mingmin/webapp/ahollowplace/api/src/services/jubenDrives/jubenDrives.js","statementMap":{"0":{"start":{"line":3,"column":27},"end":{"line":10,"column":1}},"1":{"start":{"line":4,"column":2},"end":{"line":9,"column":4}},"2":{"start":{"line":12,"column":26},"end":{"line":20,"column":1}},"3":{"start":{"line":13,"column":2},"end":{"line":19,"column":4}},"4":{"start":{"line":22,"column":27},"end":{"line":30,"column":1}},"5":{"start":{"line":23,"column":10},"end":{"line":23,"column":39}},"6":{"start":{"line":24,"column":2},"end":{"line":29,"column":3}},"7":{"start":{"line":25,"column":4},"end":{"line":25,"column":33}},"8":{"start":{"line":27,"column":4},"end":{"line":27,"column":41}},"9":{"start":{"line":28,"column":4},"end":{"line":28,"column":33}},"10":{"start":{"line":32,"column":27},"end":{"line":51,"column":1}},"11":{"start":{"line":33,"column":24},"end":{"line":33,"column":59}},"12":{"start":{"line":34,"column":2},"end":{"line":34,"column":80}},"13":{"start":{"line":37,"column":2},"end":{"line":50,"column":3}},"14":{"start":{"line":38,"column":4},"end":{"line":38,"column":63}},"15":{"start":{"line":39,"column":12},"end":{"line":39,"column":41}},"16":{"start":{"line":40,"column":4},"end":{"line":45,"column":5}},"17":{"start":{"line":41,"column":6},"end":{"line":41,"column":35}},"18":{"start":{"line":43,"column":6},"end":{"line":43,"column":43}},"19":{"start":{"line":44,"column":6},"end":{"line":44,"column":35}},"20":{"start":{"line":48,"column":14},"end":{"line":48,"column":50}},"21":{"start":{"line":49,"column":4},"end":{"line":49,"column":33}},"22":{"start":{"line":53,"column":32},"end":{"line":58,"column":1}},"23":{"start":{"line":54,"column":2},"end":{"line":57,"column":4}},"24":{"start":{"line":60,"column":32},"end":{"line":64,"column":1}},"25":{"start":{"line":61,"column":2},"end":{"line":63,"column":4}},"26":{"start":{"line":66,"column":25},"end":{"line":96,"column":1}},"27":{"start":{"line":67,"column":2},"end":{"line":95,"column":4}},"28":{"start":{"line":98,"column":26},"end":{"line":115,"column":1}},"29":{"start":{"line":99,"column":2},"end":{"line":114,"column":4}},"30":{"start":{"line":117,"column":31},"end":{"line":136,"column":1}},"31":{"start":{"line":118,"column":12},"end":{"line":134,"column":4}},"32":{"start":{"line":130,"column":10},"end":{"line":130,"column":29}},"33":{"start":{"line":135,"column":2},"end":{"line":135,"column":31}},"34":{"start":{"line":138,"column":19},"end":{"line":175,"column":1}},"35":{"start":{"line":141,"column":17},"end":{"line":152,"column":4}},"36":{"start":{"line":153,"column":2},"end":{"line":174,"column":3}},"37":{"start":{"line":154,"column":18},"end":{"line":170,"column":6}},"38":{"start":{"line":166,"column":12},"end":{"line":166,"column":31}},"39":{"start":{"line":171,"column":4},"end":{"line":171,"column":16}},"40":{"start":{"line":173,"column":4},"end":{"line":173,"column":15}},"41":{"start":{"line":177,"column":23},"end":{"line":202,"column":1}},"42":{"start":{"line":179,"column":16},"end":{"line":200,"column":4}},"43":{"start":{"line":186,"column":10},"end":{"line":186,"column":29}},"44":{"start":{"line":201,"column":2},"end":{"line":201,"column":14}},"45":{"start":{"line":204,"column":24},"end":{"line":247,"column":1}},"46":{"start":{"line":205,"column":2},"end":{"line":207,"column":3}},"47":{"start":{"line":206,"column":4},"end":{"line":206,"column":15}},"48":{"start":{"line":208,"column":19},"end":{"line":208,"column":33}},"49":{"start":{"line":209,"column":15},"end":{"line":216,"column":8}},"50":{"start":{"line":211,"column":6},"end":{"line":211,"column":38}},"51":{"start":{"line":217,"column":17},"end":{"line":224,"column":10}},"52":{"start":{"line":219,"column":6},"end":{"line":219,"column":44}},"53":{"start":{"line":225,"column":17},"end":{"line":225,"column":54}},"54":{"start":{"line":226,"column":2},"end":{"line":246,"column":4}},"55":{"start":{"line":249,"column":24},"end":{"line":271,"column":1}},"56":{"start":{"line":251,"column":4},"end":{"line":252,"column":47}},"57":{"start":{"line":253,"column":17},"end":{"line":253,"column":36}},"58":{"start":{"line":254,"column":18},"end":{"line":254,"column":28}},"59":{"start":{"line":255,"column":17},"end":{"line":255,"column":70}},"60":{"start":{"line":256,"column":15},"end":{"line":256,"column":27}},"61":{"start":{"line":257,"column":2},"end":{"line":269,"column":3}},"62":{"start":{"line":258,"column":4},"end":{"line":258,"column":21}},"63":{"start":{"line":259,"column":9},"end":{"line":269,"column":3}},"64":{"start":{"line":260,"column":4},"end":{"line":264,"column":5}},"65":{"start":{"line":261,"column":6},"end":{"line":261,"column":25}},"66":{"start":{"line":263,"column":6},"end":{"line":263,"column":23}},"67":{"start":{"line":265,"column":9},"end":{"line":269,"column":3}},"68":{"start":{"line":266,"column":4},"end":{"line":266,"column":21}},"69":{"start":{"line":268,"column":4},"end":{"line":268,"column":25}},"70":{"start":{"line":270,"column":2},"end":{"line":270,"column":15}},"71":{"start":{"line":273,"column":27},"end":{"line":278,"column":1}},"72":{"start":{"line":275,"column":4},"end":{"line":275,"column":67}},"73":{"start":{"line":277,"column":4},"end":{"line":277,"column":67}}},"fnMap":{"0":{"name":"(anonymous_0)","decl":{"start":{"line":3,"column":27},"end":{"line":3,"column":28}},"loc":{"start":{"line":3,"column":33},"end":{"line":10,"column":1}},"line":3},"1":{"name":"(anonymous_1)","decl":{"start":{"line":12,"column":26},"end":{"line":12,"column":27}},"loc":{"start":{"line":12,"column":38},"end":{"line":20,"column":1}},"line":12},"2":{"name":"(anonymous_2)","decl":{"start":{"line":22,"column":27},"end":{"line":22,"column":28}},"loc":{"start":{"line":22,"column":50},"end":{"line":30,"column":1}},"line":22},"3":{"name":"(anonymous_3)","decl":{"start":{"line":32,"column":27},"end":{"line":32,"column":28}},"loc":{"start":{"line":32,"column":50},"end":{"line":51,"column":1}},"line":32},"4":{"name":"(anonymous_4)","decl":{"start":{"line":53,"column":32},"end":{"line":53,"column":33}},"loc":{"start":{"line":53,"column":51},"end":{"line":58,"column":1}},"line":53},"5":{"name":"(anonymous_5)","decl":{"start":{"line":60,"column":32},"end":{"line":60,"column":33}},"loc":{"start":{"line":60,"column":44},"end":{"line":64,"column":1}},"line":60},"6":{"name":"(anonymous_6)","decl":{"start":{"line":66,"column":25},"end":{"line":66,"column":26}},"loc":{"start":{"line":66,"column":42},"end":{"line":96,"column":1}},"line":66},"7":{"name":"(anonymous_7)","decl":{"start":{"line":98,"column":26},"end":{"line":98,"column":27}},"loc":{"start":{"line":98,"column":43},"end":{"line":115,"column":1}},"line":98},"8":{"name":"(anonymous_8)","decl":{"start":{"line":117,"column":31},"end":{"line":117,"column":32}},"loc":{"start":{"line":117,"column":61},"end":{"line":136,"column":1}},"line":117},"9":{"name":"(anonymous_9)","decl":{"start":{"line":129,"column":39},"end":{"line":129,"column":40}},"loc":{"start":{"line":129,"column":46},"end":{"line":131,"column":9}},"line":129},"10":{"name":"(anonymous_10)","decl":{"start":{"line":138,"column":19},"end":{"line":138,"column":20}},"loc":{"start":{"line":138,"column":42},"end":{"line":175,"column":1}},"line":138},"11":{"name":"(anonymous_11)","decl":{"start":{"line":165,"column":38},"end":{"line":165,"column":39}},"loc":{"start":{"line":165,"column":45},"end":{"line":167,"column":11}},"line":165},"12":{"name":"(anonymous_12)","decl":{"start":{"line":177,"column":23},"end":{"line":177,"column":24}},"loc":{"start":{"line":177,"column":46},"end":{"line":202,"column":1}},"line":177},"13":{"name":"(anonymous_13)","decl":{"start":{"line":185,"column":36},"end":{"line":185,"column":37}},"loc":{"start":{"line":185,"column":43},"end":{"line":187,"column":9}},"line":185},"14":{"name":"(anonymous_14)","decl":{"start":{"line":204,"column":24},"end":{"line":204,"column":25}},"loc":{"start":{"line":204,"column":39},"end":{"line":247,"column":1}},"line":204},"15":{"name":"(anonymous_15)","decl":{"start":{"line":210,"column":4},"end":{"line":210,"column":5}},"loc":{"start":{"line":210,"column":14},"end":{"line":212,"column":5}},"line":210},"16":{"name":"(anonymous_16)","decl":{"start":{"line":218,"column":4},"end":{"line":218,"column":5}},"loc":{"start":{"line":218,"column":14},"end":{"line":220,"column":5}},"line":218},"17":{"name":"(anonymous_17)","decl":{"start":{"line":249,"column":24},"end":{"line":249,"column":25}},"loc":{"start":{"line":249,"column":42},"end":{"line":271,"column":1}},"line":249},"18":{"name":"(anonymous_18)","decl":{"start":{"line":274,"column":12},"end":{"line":274,"column":13}},"loc":{"start":{"line":275,"column":4},"end":{"line":275,"column":67}},"line":275},"19":{"name":"(anonymous_19)","decl":{"start":{"line":276,"column":12},"end":{"line":276,"column":13}},"loc":{"start":{"line":277,"column":4},"end":{"line":277,"column":67}},"line":277}},"branchMap":{"0":{"loc":{"start":{"line":24,"column":2},"end":{"line":29,"column":3}},"type":"if","locations":[{"start":{"line":24,"column":2},"end":{"line":29,"column":3}},{"start":{"line":26,"column":9},"end":{"line":29,"column":3}}],"line":24},"1":{"loc":{"start":{"line":37,"column":2},"end":{"line":50,"column":3}},"type":"if","locations":[{"start":{"line":37,"column":2},"end":{"line":50,"column":3}},{"start":{"line":46,"column":9},"end":{"line":50,"column":3}}],"line":37},"2":{"loc":{"start":{"line":40,"column":4},"end":{"line":45,"column":5}},"type":"if","locations":[{"start":{"line":40,"column":4},"end":{"line":45,"column":5}},{"start":{"line":42,"column":11},"end":{"line":45,"column":5}}],"line":40},"3":{"loc":{"start":{"line":153,"column":2},"end":{"line":174,"column":3}},"type":"if","locations":[{"start":{"line":153,"column":2},"end":{"line":174,"column":3}},{"start":{"line":172,"column":9},"end":{"line":174,"column":3}}],"line":153},"4":{"loc":{"start":{"line":153,"column":6},"end":{"line":153,"column":29}},"type":"binary-expr","locations":[{"start":{"line":153,"column":6},"end":{"line":153,"column":12}},{"start":{"line":153,"column":16},"end":{"line":153,"column":29}}],"line":153},"5":{"loc":{"start":{"line":205,"column":2},"end":{"line":207,"column":3}},"type":"if","locations":[{"start":{"line":205,"column":2},"end":{"line":207,"column":3}},{"start":{},"end":{}}],"line":205},"6":{"loc":{"start":{"line":257,"column":2},"end":{"line":269,"column":3}},"type":"if","locations":[{"start":{"line":257,"column":2},"end":{"line":269,"column":3}},{"start":{"line":259,"column":9},"end":{"line":269,"column":3}}],"line":257},"7":{"loc":{"start":{"line":259,"column":9},"end":{"line":269,"column":3}},"type":"if","locations":[{"start":{"line":259,"column":9},"end":{"line":269,"column":3}},{"start":{"line":265,"column":9},"end":{"line":269,"column":3}}],"line":259},"8":{"loc":{"start":{"line":260,"column":4},"end":{"line":264,"column":5}},"type":"if","locations":[{"start":{"line":260,"column":4},"end":{"line":264,"column":5}},{"start":{"line":262,"column":11},"end":{"line":264,"column":5}}],"line":260},"9":{"loc":{"start":{"line":265,"column":9},"end":{"line":269,"column":3}},"type":"if","locations":[{"start":{"line":265,"column":9},"end":{"line":269,"column":3}},{"start":{"line":267,"column":9},"end":{"line":269,"column":3}}],"line":265}},"s":{"0":2,"1":7,"2":2,"3":0,"4":2,"5":11,"6":11,"7":3,"8":8,"9":8,"10":2,"11":4,"12":4,"13":4,"14":2,"15":2,"16":2,"17":1,"18":1,"19":1,"20":2,"21":2,"22":2,"23":0,"24":2,"25":0,"26":2,"27":4,"28":2,"29":2,"30":2,"31":2,"32":2,"33":2,"34":2,"35":13,"36":13,"37":4,"38":4,"39":4,"40":9,"41":2,"42":9,"43":10,"44":9,"45":2,"46":17,"47":1,"48":16,"49":16,"50":20,"51":16,"52":20,"53":16,"54":16,"55":2,"56":16,"57":16,"58":16,"59":16,"60":16,"61":16,"62":0,"63":16,"64":0,"65":0,"66":0,"67":16,"68":4,"69":12,"70":16,"71":2,"72":0,"73":0},"f":{"0":7,"1":0,"2":11,"3":4,"4":0,"5":0,"6":4,"7":2,"8":2,"9":2,"10":13,"11":4,"12":9,"13":10,"14":17,"15":20,"16":20,"17":16,"18":0,"19":0},"b":{"0":[3,8],"1":[2,2],"2":[1,1],"3":[4,9],"4":[13,13],"5":[1,16],"6":[0,16],"7":[0,16],"8":[0,0],"9":[4,12]},"_coverageSchema":"1a1c01bbd47fc00a2c39e90264f33305004495a9","hash":"2649ac41b4ae7aea0f647e4906f0b080b171eec0"}
,"/Users/mingmin/webapp/ahollowplace/api/src/services/jubenDrives/jubenDrives.scenarios.js": {"path":"/Users/mingmin/webapp/ahollowplace/api/src/services/jubenDrives/jubenDrives.scenarios.js","statementMap":{"0":{"start":{"line":1,"column":24},"end":{"line":55,"column":2}}},"fnMap":{},"branchMap":{},"s":{"0":1},"f":{},"b":{},"_coverageSchema":"1a1c01bbd47fc00a2c39e90264f33305004495a9","hash":"565cc3ba9a79bff0da58c6acd8cc1a3d5e7e6c80"}
,"/Users/mingmin/webapp/ahollowplace/api/src/services/jubens/jubens.js": {"path":"/Users/mingmin/webapp/ahollowplace/api/src/services/jubens/jubens.js","statementMap":{"0":{"start":{"line":8,"column":22},"end":{"line":10,"column":1}},"1":{"start":{"line":9,"column":2},"end":{"line":9,"column":28}},"2":{"start":{"line":12,"column":21},"end":{"line":16,"column":1}},"3":{"start":{"line":13,"column":2},"end":{"line":15,"column":4}},"4":{"start":{"line":18,"column":27},"end":{"line":22,"column":1}},"5":{"start":{"line":19,"column":2},"end":{"line":21,"column":4}},"6":{"start":{"line":24,"column":27},"end":{"line":45,"column":1}},"7":{"start":{"line":25,"column":2},"end":{"line":44,"column":4}},"8":{"start":{"line":47,"column":34},"end":{"line":89,"column":1}},"9":{"start":{"line":48,"column":16},"end":{"line":50,"column":4}},"10":{"start":{"line":51,"column":2},"end":{"line":53,"column":4}},"11":{"start":{"line":54,"column":2},"end":{"line":59,"column":4}},"12":{"start":{"line":60,"column":14},"end":{"line":60,"column":44}},"13":{"start":{"line":61,"column":17},"end":{"line":61,"column":37}},"14":{"start":{"line":63,"column":17},"end":{"line":63,"column":74}},"15":{"start":{"line":65,"column":19},"end":{"line":73,"column":3}},"16":{"start":{"line":75,"column":2},"end":{"line":75,"column":28}},"17":{"start":{"line":77,"column":2},"end":{"line":77,"column":39}},"18":{"start":{"line":79,"column":2},"end":{"line":79,"column":42}},"19":{"start":{"line":81,"column":17},"end":{"line":81,"column":40}},"20":{"start":{"line":82,"column":2},"end":{"line":82,"column":25}},"21":{"start":{"line":83,"column":2},"end":{"line":88,"column":4}},"22":{"start":{"line":91,"column":28},"end":{"line":108,"column":1}},"23":{"start":{"line":92,"column":2},"end":{"line":107,"column":4}},"24":{"start":{"line":110,"column":28},"end":{"line":133,"column":1}},"25":{"start":{"line":111,"column":15},"end":{"line":131,"column":4}},"26":{"start":{"line":132,"column":2},"end":{"line":132,"column":15}},"27":{"start":{"line":135,"column":27},"end":{"line":139,"column":1}},"28":{"start":{"line":136,"column":2},"end":{"line":138,"column":4}},"29":{"start":{"line":141,"column":21},"end":{"line":152,"column":1}},"30":{"start":{"line":143,"column":4},"end":{"line":147,"column":6}},"31":{"start":{"line":149,"column":4},"end":{"line":149,"column":63}},"32":{"start":{"line":151,"column":4},"end":{"line":151,"column":58}}},"fnMap":{"0":{"name":"(anonymous_0)","decl":{"start":{"line":8,"column":22},"end":{"line":8,"column":23}},"loc":{"start":{"line":8,"column":28},"end":{"line":10,"column":1}},"line":8},"1":{"name":"(anonymous_1)","decl":{"start":{"line":12,"column":21},"end":{"line":12,"column":22}},"loc":{"start":{"line":12,"column":33},"end":{"line":16,"column":1}},"line":12},"2":{"name":"(anonymous_2)","decl":{"start":{"line":18,"column":27},"end":{"line":18,"column":28}},"loc":{"start":{"line":18,"column":42},"end":{"line":22,"column":1}},"line":18},"3":{"name":"(anonymous_3)","decl":{"start":{"line":24,"column":27},"end":{"line":24,"column":28}},"loc":{"start":{"line":24,"column":46},"end":{"line":45,"column":1}},"line":24},"4":{"name":"(anonymous_4)","decl":{"start":{"line":47,"column":34},"end":{"line":47,"column":35}},"loc":{"start":{"line":47,"column":59},"end":{"line":89,"column":1}},"line":47},"5":{"name":"(anonymous_5)","decl":{"start":{"line":91,"column":28},"end":{"line":91,"column":29}},"loc":{"start":{"line":91,"column":42},"end":{"line":108,"column":1}},"line":91},"6":{"name":"(anonymous_6)","decl":{"start":{"line":110,"column":28},"end":{"line":110,"column":29}},"loc":{"start":{"line":110,"column":49},"end":{"line":133,"column":1}},"line":110},"7":{"name":"(anonymous_7)","decl":{"start":{"line":135,"column":27},"end":{"line":135,"column":28}},"loc":{"start":{"line":135,"column":39},"end":{"line":139,"column":1}},"line":135},"8":{"name":"(anonymous_8)","decl":{"start":{"line":142,"column":10},"end":{"line":142,"column":11}},"loc":{"start":{"line":143,"column":4},"end":{"line":147,"column":6}},"line":143},"9":{"name":"(anonymous_9)","decl":{"start":{"line":148,"column":13},"end":{"line":148,"column":14}},"loc":{"start":{"line":149,"column":4},"end":{"line":149,"column":63}},"line":149},"10":{"name":"(anonymous_10)","decl":{"start":{"line":150,"column":8},"end":{"line":150,"column":9}},"loc":{"start":{"line":151,"column":4},"end":{"line":151,"column":58}},"line":151}},"branchMap":{},"s":{"0":0,"1":0,"2":0,"3":0,"4":0,"5":0,"6":0,"7":0,"8":0,"9":0,"10":0,"11":0,"12":0,"13":0,"14":0,"15":0,"16":0,"17":0,"18":0,"19":0,"20":0,"21":0,"22":0,"23":0,"24":0,"25":0,"26":0,"27":0,"28":0,"29":0,"30":0,"31":0,"32":0},"f":{"0":0,"1":0,"2":0,"3":0,"4":0,"5":0,"6":0,"7":0,"8":0,"9":0,"10":0},"b":{}}
}
