TN:
SF:api/src/directives/combineSameBookings/combineSameBookings.js
FN:9,(anonymous_0)
FN:13,(anonymous_1)
FN:14,(anonymous_2)
FNF:3
FNH:0
FNDA:0,(anonymous_0)
FNDA:0,(anonymous_1)
FNDA:0,(anonymous_2)
DA:9,0
DA:10,0
DA:11,0
DA:12,0
DA:13,0
DA:14,0
DA:15,0
DA:21,0
DA:22,0
DA:23,0
DA:24,0
DA:25,0
DA:26,0
DA:28,0
DA:33,0
DA:34,0
DA:37,0
LF:17
LH:0
BRDA:11,0,0,0
BRDA:11,0,1,0
BRDA:12,1,0,0
BRDA:12,1,1,0
BRDA:16,2,0,0
BRDA:16,2,1,0
BRDA:21,3,0,0
BRDA:21,3,1,0
BRDA:22,4,0,0
BRDA:22,4,1,0
BRF:10
BRH:0
end_of_record
TN:
SF:api/src/graphql/bookings.sdl.js
FNF:0
FNH:0
DA:1,0
LF:1
LH:0
BRF:0
BRH:0
end_of_record
TN:
SF:api/src/graphql/jubenDrives.sdl.js
FNF:0
FNH:0
DA:1,0
LF:1
LH:0
BRF:0
BRH:0
end_of_record
TN:
SF:api/src/graphql/jubens.sdl.js
FNF:0
FNH:0
DA:1,0
LF:1
LH:0
BRF:0
BRH:0
end_of_record
TN:
SF:api/src/graphql/timeSlots.sdl.js
FNF:0
FNH:0
DA:1,0
LF:1
LH:0
BRF:0
BRH:0
end_of_record
TN:
SF:api/src/graphql/users.sdl.js
FNF:0
FNH:0
DA:1,0
LF:1
LH:0
BRF:0
BRH:0
end_of_record
TN:
SF:api/src/lib/auth.js
FN:22,(anonymous_0)
FN:34,(anonymous_1)
FN:46,(anonymous_2)
FN:59,(anonymous_3)
FN:66,(anonymous_4)
FN:72,(anonymous_5)
FN:95,(anonymous_6)
FNF:7
FNH:0
FNDA:0,(anonymous_0)
FNDA:0,(anonymous_1)
FNDA:0,(anonymous_2)
FNDA:0,(anonymous_3)
FNDA:0,(anonymous_4)
FNDA:0,(anonymous_5)
FNDA:0,(anonymous_6)
DA:22,0
DA:23,0
DA:34,0
DA:35,0
DA:46,0
DA:47,0
DA:48,0
DA:51,0
DA:53,0
DA:54,0
DA:56,0
DA:57,0
DA:59,0
DA:63,0
DA:64,0
DA:66,0
DA:67,0
DA:69,0
DA:71,0
DA:72,0
DA:78,0
DA:95,0
DA:96,0
DA:97,0
DA:100,0
DA:101,0
LF:26
LH:0
BRDA:47,0,0,0
BRDA:47,0,1,0
BRDA:53,1,0,0
BRDA:53,1,1,0
BRDA:54,2,0,0
BRDA:54,2,1,0
BRDA:57,3,0,0
BRDA:57,3,1,0
BRDA:63,4,0,0
BRDA:63,4,1,0
BRDA:64,5,0,0
BRDA:64,5,1,0
BRDA:69,6,0,0
BRDA:69,6,1,0
BRDA:96,7,0,0
BRDA:96,7,1,0
BRDA:100,8,0,0
BRDA:100,8,1,0
BRDA:100,9,0,0
BRDA:100,9,1,0
BRF:20
BRH:0
end_of_record
TN:
SF:api/src/lib/dateUtil.js
FN:4,(anonymous_0)
FN:9,(anonymous_1)
FN:15,(anonymous_2)
FN:20,(anonymous_3)
FN:26,(anonymous_4)
FNF:5
FNH:0
FNDA:0,(anonymous_0)
FNDA:0,(anonymous_1)
FNDA:0,(anonymous_2)
FNDA:0,(anonymous_3)
FNDA:0,(anonymous_4)
DA:4,1
DA:5,0
DA:6,0
DA:9,1
DA:10,0
DA:11,0
DA:12,0
DA:15,1
DA:16,0
DA:17,0
DA:20,1
DA:21,0
DA:26,1
DA:27,0
DA:28,0
DA:29,0
DA:30,0
DA:31,0
DA:33,0
DA:34,0
DA:35,0
DA:36,0
DA:38,0
DA:39,0
DA:41,0
LF:25
LH:5
BRDA:21,0,0,0
BRDA:21,0,1,0
BRF:2
BRH:0
end_of_record
TN:
SF:api/src/services/bookings/bookings.js
FN:7,(anonymous_0)
FN:15,(anonymous_1)
FN:26,(anonymous_2)
FN:33,(anonymous_3)
FN:38,(anonymous_4)
FN:75,(anonymous_5)
FN:82,(anonymous_6)
FN:91,(anonymous_7)
FN:119,(anonymous_8)
FN:125,(anonymous_9)
FN:133,(anonymous_10)
FN:144,(anonymous_11)
FN:177,(anonymous_12)
FN:179,(anonymous_13)
FN:181,(anonymous_14)
FNF:15
FNH:10
FNDA:0,(anonymous_0)
FNDA:3,(anonymous_1)
FNDA:11,(anonymous_2)
FNDA:11,(anonymous_3)
FNDA:11,(anonymous_4)
FNDA:5,(anonymous_5)
FNDA:5,(anonymous_6)
FNDA:5,(anonymous_7)
FNDA:0,(anonymous_8)
FNDA:11,(anonymous_9)
FNDA:4,(anonymous_10)
FNDA:16,(anonymous_11)
FNDA:0,(anonymous_12)
FNDA:0,(anonymous_13)
FNDA:0,(anonymous_14)
DA:7,2
DA:8,0
DA:15,2
DA:16,3
DA:26,2
DA:27,11
DA:33,11
DA:34,11
DA:35,0
DA:38,11
DA:39,11
DA:40,0
DA:43,11
DA:44,1
DA:46,10
DA:63,10
DA:64,10
DA:75,2
DA:76,5
DA:82,5
DA:83,5
DA:88,0
DA:91,5
DA:92,5
DA:93,1
DA:95,4
DA:113,4
DA:114,4
DA:119,2
DA:120,0
DA:125,2
DA:126,11
DA:134,4
DA:141,11
DA:144,2
DA:145,16
DA:146,16
DA:147,5
DA:148,5
DA:150,16
DA:160,16
DA:161,16
DA:167,16
DA:169,16
DA:170,14
DA:172,2
DA:176,2
DA:178,0
DA:180,0
DA:182,0
LF:50
LH:42
BRDA:34,0,0,0
BRDA:34,0,1,11
BRDA:39,1,0,0
BRDA:39,1,1,11
BRDA:43,2,0,1
BRDA:43,2,1,10
BRDA:83,3,0,0
BRDA:83,3,1,5
BRDA:84,4,0,5
BRDA:84,4,1,5
BRDA:84,4,2,0
BRDA:84,4,3,5
BRDA:92,5,0,1
BRDA:92,5,1,4
BRDA:146,6,0,5
BRDA:146,6,1,11
BRDA:160,7,0,16
BRDA:160,7,1,8
BRDA:169,8,0,14
BRDA:169,8,1,2
BRF:20
BRH:16
end_of_record
TN:
SF:api/src/services/bookings/bookings.scenarios.js
FNF:0
FNH:0
DA:1,0
LF:1
LH:0
BRF:0
BRH:0
end_of_record
TN:
SF:api/src/services/jubenDrives/jubenDrives.js
FN:3,(anonymous_0)
FN:12,(anonymous_1)
FN:22,(anonymous_2)
FN:32,(anonymous_3)
FN:53,(anonymous_4)
FN:60,(anonymous_5)
FN:66,(anonymous_6)
FN:98,(anonymous_7)
FN:117,(anonymous_8)
FN:129,(anonymous_9)
FN:138,(anonymous_10)
FN:165,(anonymous_11)
FN:177,(anonymous_12)
FN:185,(anonymous_13)
FN:204,(anonymous_14)
FN:210,(anonymous_15)
FN:218,(anonymous_16)
FN:249,(anonymous_17)
FN:274,(anonymous_18)
FN:276,(anonymous_19)
FNF:20
FNH:14
FNDA:7,(anonymous_0)
FNDA:0,(anonymous_1)
FNDA:10,(anonymous_2)
FNDA:4,(anonymous_3)
FNDA:0,(anonymous_4)
FNDA:0,(anonymous_5)
FNDA:4,(anonymous_6)
FNDA:2,(anonymous_7)
FNDA:2,(anonymous_8)
FNDA:0,(anonymous_9)
FNDA:12,(anonymous_10)
FNDA:1,(anonymous_11)
FNDA:8,(anonymous_12)
FNDA:3,(anonymous_13)
FNDA:16,(anonymous_14)
FNDA:19,(anonymous_15)
FNDA:19,(anonymous_16)
FNDA:15,(anonymous_17)
FNDA:0,(anonymous_18)
FNDA:0,(anonymous_19)
DA:3,2
DA:4,7
DA:12,2
DA:13,0
DA:22,2
DA:23,10
DA:24,10
DA:25,3
DA:27,7
DA:28,7
DA:32,2
DA:33,4
DA:34,4
DA:37,4
DA:38,2
DA:39,2
DA:40,2
DA:41,1
DA:43,1
DA:44,1
DA:48,2
DA:49,2
DA:53,2
DA:54,0
DA:60,2
DA:61,0
DA:66,2
DA:67,4
DA:98,2
DA:99,2
DA:117,2
DA:118,2
DA:130,0
DA:135,2
DA:138,2
DA:141,12
DA:153,12
DA:154,4
DA:166,1
DA:171,4
DA:173,8
DA:177,2
DA:179,8
DA:186,3
DA:201,8
DA:204,2
DA:205,16
DA:206,1
DA:208,15
DA:209,15
DA:211,19
DA:217,15
DA:219,19
DA:225,15
DA:226,15
DA:249,2
DA:251,15
DA:253,15
DA:254,15
DA:255,15
DA:256,15
DA:257,15
DA:258,0
DA:259,15
DA:260,0
DA:261,0
DA:263,0
DA:265,15
DA:266,4
DA:268,11
DA:270,15
DA:273,2
DA:275,0
DA:277,0
LF:74
LH:64
BRDA:24,0,0,3
BRDA:24,0,1,7
BRDA:37,1,0,2
BRDA:37,1,1,2
BRDA:40,2,0,1
BRDA:40,2,1,1
BRDA:153,3,0,4
BRDA:153,3,1,8
BRDA:153,4,0,12
BRDA:153,4,1,12
BRDA:205,5,0,1
BRDA:205,5,1,15
BRDA:257,6,0,0
BRDA:257,6,1,15
BRDA:259,7,0,0
BRDA:259,7,1,15
BRDA:260,8,0,0
BRDA:260,8,1,0
BRDA:265,9,0,4
BRDA:265,9,1,11
BRF:20
BRH:16
end_of_record
TN:
SF:api/src/services/jubenDrives/jubenDrives.scenarios.js
FNF:0
FNH:0
DA:1,0
LF:1
LH:0
BRF:0
BRH:0
end_of_record
TN:
SF:api/src/services/jubens/jubens.js
FN:8,(anonymous_0)
FN:12,(anonymous_1)
FN:18,(anonymous_2)
FN:24,(anonymous_3)
FN:46,(anonymous_4)
FN:90,(anonymous_5)
FN:109,(anonymous_6)
FN:134,(anonymous_7)
FN:141,(anonymous_8)
FN:147,(anonymous_9)
FN:149,(anonymous_10)
FNF:11
FNH:5
FNDA:1,(anonymous_0)
FNDA:3,(anonymous_1)
FNDA:1,(anonymous_2)
FNDA:1,(anonymous_3)
FNDA:0,(anonymous_4)
FNDA:0,(anonymous_5)
FNDA:0,(anonymous_6)
FNDA:1,(anonymous_7)
FNDA:0,(anonymous_8)
FNDA:0,(anonymous_9)
FNDA:0,(anonymous_10)
DA:8,1
DA:9,1
DA:12,1
DA:13,3
DA:18,1
DA:19,1
DA:24,1
DA:25,1
DA:46,1
DA:47,0
DA:50,0
DA:53,0
DA:59,0
DA:60,0
DA:62,0
DA:64,0
DA:74,0
DA:76,0
DA:78,0
DA:80,0
DA:81,0
DA:82,0
DA:90,1
DA:91,0
DA:109,1
DA:110,0
DA:131,0
DA:134,1
DA:135,1
DA:140,1
DA:142,0
DA:148,0
DA:150,0
LF:33
LH:14
BRF:0
BRH:0
end_of_record
TN:
SF:api/src/services/jubens/jubens.scenarios.js
FNF:0
FNH:0
DA:1,0
LF:1
LH:0
BRF:0
BRH:0
end_of_record
TN:
SF:api/src/services/timeSlots/timeSlots.js
FN:3,(anonymous_0)
FN:7,(anonymous_1)
FN:13,(anonymous_2)
FN:19,(anonymous_3)
FN:26,(anonymous_4)
FN:33,(anonymous_5)
FNF:6
FNH:5
FNDA:1,(anonymous_0)
FNDA:3,(anonymous_1)
FNDA:1,(anonymous_2)
FNDA:1,(anonymous_3)
FNDA:1,(anonymous_4)
FNDA:0,(anonymous_5)
DA:3,1
DA:4,1
DA:7,1
DA:8,3
DA:13,1
DA:14,1
DA:19,1
DA:20,1
DA:26,1
DA:27,1
DA:32,1
DA:34,0
LF:12
LH:11
BRF:0
BRH:0
end_of_record
TN:
SF:api/src/services/timeSlots/timeSlots.scenarios.js
FNF:0
FNH:0
DA:1,0
LF:1
LH:0
BRF:0
BRH:0
end_of_record
TN:
SF:api/src/services/users/users.js
FN:5,(anonymous_0)
FN:9,(anonymous_1)
FN:15,(anonymous_2)
FN:21,(anonymous_3)
FN:22,(anonymous_4)
FN:45,(anonymous_5)
FN:51,(anonymous_6)
FN:61,(anonymous_7)
FN:72,(anonymous_8)
FN:74,(anonymous_9)
FN:76,(anonymous_10)
FNF:11
FNH:7
FNDA:1,(anonymous_0)
FNDA:3,(anonymous_1)
FNDA:1,(anonymous_2)
FNDA:1,(anonymous_3)
FNDA:1,(anonymous_4)
FNDA:1,(anonymous_5)
FNDA:1,(anonymous_6)
FNDA:0,(anonymous_7)
FNDA:0,(anonymous_8)
FNDA:0,(anonymous_9)
FNDA:0,(anonymous_10)
DA:3,1
DA:5,1
DA:6,1
DA:9,1
DA:10,3
DA:15,1
DA:16,1
DA:21,1
DA:22,1
DA:23,1
DA:24,1
DA:45,1
DA:46,1
DA:51,1
DA:52,1
DA:56,1
DA:57,1
DA:61,0
DA:62,0
DA:64,0
DA:65,0
DA:68,1
DA:71,1
DA:73,0
DA:75,0
DA:77,0
LF:26
LH:19
BRDA:57,0,0,0
BRDA:57,0,1,1
BRDA:58,1,0,1
BRDA:58,1,1,0
BRDA:62,2,0,0
BRDA:62,2,1,0
BRDA:64,3,0,0
BRDA:64,3,1,0
BRF:8
BRH:2
end_of_record
TN:
SF:api/src/services/users/users.scenarios.js
FNF:0
FNH:0
DA:1,0
LF:1
LH:0
BRF:0
BRH:0
end_of_record
