TN:
SF:api/src/services/bookings/bookings.js
FN:7,(anonymous_0)
FN:15,(anonymous_1)
FN:26,(anonymous_2)
FN:33,(anonymous_3)
FN:43,(anonymous_4)
FN:82,(anonymous_5)
FN:89,(anonymous_6)
FN:99,(anonymous_7)
FN:137,(anonymous_8)
FN:143,(anonymous_9)
FN:152,(anonymous_10)
FN:160,(anonymous_11)
FN:171,(anonymous_12)
FN:204,(anonymous_13)
FN:206,(anonymous_14)
FN:208,(anonymous_15)
FNF:16
FNH:12
FNDA:0,(anonymous_0)
FNDA:4,(anonymous_1)
FNDA:15,(anonymous_2)
FNDA:14,(anonymous_3)
FNDA:13,(anonymous_4)
FNDA:5,(anonymous_5)
FNDA:5,(anonymous_6)
FNDA:5,(anonymous_7)
FNDA:1,(anonymous_8)
FNDA:18,(anonymous_9)
FNDA:13,(anonymous_10)
FNDA:51,(anonymous_11)
FNDA:17,(anonymous_12)
FNDA:0,(anonymous_13)
FNDA:0,(anonymous_14)
FNDA:0,(anonymous_15)
DA:7,2
DA:8,0
DA:15,2
DA:16,4
DA:26,2
DA:27,15
DA:33,14
DA:34,14
DA:40,1
DA:43,13
DA:44,13
DA:45,0
DA:46,13
DA:47,1
DA:50,12
DA:51,1
DA:53,11
DA:70,11
DA:71,11
DA:82,2
DA:83,5
DA:89,5
DA:90,5
DA:96,0
DA:99,5
DA:100,5
DA:101,0
DA:102,5
DA:103,1
DA:105,4
DA:113,4
DA:131,4
DA:132,4
DA:137,2
DA:138,1
DA:143,2
DA:144,18
DA:149,18
DA:152,2
DA:153,13
DA:161,51
DA:168,13
DA:171,2
DA:172,17
DA:173,17
DA:174,5
DA:175,5
DA:177,17
DA:187,17
DA:188,17
DA:194,17
DA:196,17
DA:197,15
DA:199,2
DA:203,2
DA:205,0
DA:207,0
DA:209,0
LF:58
LH:51
BRDA:34,0,0,1
BRDA:34,0,1,13
BRDA:35,1,0,14
BRDA:35,1,1,14
BRDA:35,1,2,1
BRDA:35,1,3,14
BRDA:35,1,4,13
BRDA:44,2,0,0
BRDA:44,2,1,13
BRDA:46,3,0,1
BRDA:46,3,1,12
BRDA:50,4,0,1
BRDA:50,4,1,11
BRDA:90,5,0,0
BRDA:90,5,1,5
BRDA:91,6,0,5
BRDA:91,6,1,5
BRDA:91,6,2,0
BRDA:91,6,3,5
BRDA:91,6,4,5
BRDA:100,7,0,0
BRDA:100,7,1,5
BRDA:102,8,0,1
BRDA:102,8,1,4
BRDA:173,9,0,5
BRDA:173,9,1,12
BRDA:187,10,0,17
BRDA:187,10,1,9
BRDA:196,11,0,15
BRDA:196,11,1,2
BRF:30
BRH:26
end_of_record
TN:
SF:api/src/services/bookings/bookings.scenarios.js
FNF:0
FNH:0
DA:1,1
LF:1
LH:1
BRF:0
BRH:0
end_of_record
TN:
SF:api/src/services/jubenDrives/jubenDrives.js
FN:3,(anonymous_0)
FN:12,(anonymous_1)
FN:22,(anonymous_2)
FN:32,(anonymous_3)
FN:53,(anonymous_4)
FN:60,(anonymous_5)
FN:66,(anonymous_6)
FN:98,(anonymous_7)
FN:117,(anonymous_8)
FN:129,(anonymous_9)
FN:138,(anonymous_10)
FN:165,(anonymous_11)
FN:177,(anonymous_12)
FN:185,(anonymous_13)
FN:204,(anonymous_14)
FN:210,(anonymous_15)
FN:218,(anonymous_16)
FN:249,(anonymous_17)
FN:274,(anonymous_18)
FN:276,(anonymous_19)
FNF:20
FNH:15
FNDA:7,(anonymous_0)
FNDA:0,(anonymous_1)
FNDA:11,(anonymous_2)
FNDA:4,(anonymous_3)
FNDA:0,(anonymous_4)
FNDA:0,(anonymous_5)
FNDA:4,(anonymous_6)
FNDA:2,(anonymous_7)
FNDA:2,(anonymous_8)
FNDA:2,(anonymous_9)
FNDA:13,(anonymous_10)
FNDA:4,(anonymous_11)
FNDA:9,(anonymous_12)
FNDA:10,(anonymous_13)
FNDA:17,(anonymous_14)
FNDA:20,(anonymous_15)
FNDA:20,(anonymous_16)
FNDA:16,(anonymous_17)
FNDA:0,(anonymous_18)
FNDA:0,(anonymous_19)
DA:3,2
DA:4,7
DA:12,2
DA:13,0
DA:22,2
DA:23,11
DA:24,11
DA:25,3
DA:27,8
DA:28,8
DA:32,2
DA:33,4
DA:34,4
DA:37,4
DA:38,2
DA:39,2
DA:40,2
DA:41,1
DA:43,1
DA:44,1
DA:48,2
DA:49,2
DA:53,2
DA:54,0
DA:60,2
DA:61,0
DA:66,2
DA:67,4
DA:98,2
DA:99,2
DA:117,2
DA:118,2
DA:130,2
DA:135,2
DA:138,2
DA:141,13
DA:153,13
DA:154,4
DA:166,4
DA:171,4
DA:173,9
DA:177,2
DA:179,9
DA:186,10
DA:201,9
DA:204,2
DA:205,17
DA:206,1
DA:208,16
DA:209,16
DA:211,20
DA:217,16
DA:219,20
DA:225,16
DA:226,16
DA:249,2
DA:251,16
DA:253,16
DA:254,16
DA:255,16
DA:256,16
DA:257,16
DA:258,0
DA:259,16
DA:260,0
DA:261,0
DA:263,0
DA:265,16
DA:266,4
DA:268,12
DA:270,16
DA:273,2
DA:275,0
DA:277,0
LF:74
LH:65
BRDA:24,0,0,3
BRDA:24,0,1,8
BRDA:37,1,0,2
BRDA:37,1,1,2
BRDA:40,2,0,1
BRDA:40,2,1,1
BRDA:153,3,0,4
BRDA:153,3,1,9
BRDA:153,4,0,13
BRDA:153,4,1,13
BRDA:205,5,0,1
BRDA:205,5,1,16
BRDA:257,6,0,0
BRDA:257,6,1,16
BRDA:259,7,0,0
BRDA:259,7,1,16
BRDA:260,8,0,0
BRDA:260,8,1,0
BRDA:265,9,0,4
BRDA:265,9,1,12
BRF:20
BRH:16
end_of_record
TN:
SF:api/src/services/jubenDrives/jubenDrives.scenarios.js
FNF:0
FNH:0
DA:1,1
LF:1
LH:1
BRF:0
BRH:0
end_of_record
TN:
SF:api/src/services/jubens/jubens.js
FN:8,(anonymous_0)
FN:12,(anonymous_1)
FN:18,(anonymous_2)
FN:24,(anonymous_3)
FN:47,(anonymous_4)
FN:91,(anonymous_5)
FN:110,(anonymous_6)
FN:135,(anonymous_7)
FN:142,(anonymous_8)
FN:148,(anonymous_9)
FN:150,(anonymous_10)
FNF:11
FNH:0
FNDA:0,(anonymous_0)
FNDA:0,(anonymous_1)
FNDA:0,(anonymous_2)
FNDA:0,(anonymous_3)
FNDA:0,(anonymous_4)
FNDA:0,(anonymous_5)
FNDA:0,(anonymous_6)
FNDA:0,(anonymous_7)
FNDA:0,(anonymous_8)
FNDA:0,(anonymous_9)
FNDA:0,(anonymous_10)
DA:8,0
DA:9,0
DA:12,0
DA:13,0
DA:18,0
DA:19,0
DA:24,0
DA:25,0
DA:47,0
DA:48,0
DA:51,0
DA:54,0
DA:60,0
DA:61,0
DA:63,0
DA:65,0
DA:75,0
DA:77,0
DA:79,0
DA:81,0
DA:82,0
DA:83,0
DA:91,0
DA:92,0
DA:110,0
DA:111,0
DA:132,0
DA:135,0
DA:136,0
DA:141,0
DA:143,0
DA:149,0
DA:151,0
LF:33
LH:0
BRF:0
BRH:0
end_of_record
